<?xml version="1.0" encoding="UTF-8"?>
<robot generator="Robot 7.4.2 (Python 3.14.3 on win32)" generated="2026-03-16T20:30:38.879388" rpa="false" schemaversion="5">
<suite id="s1" name="Crm" source="C:\development\robot-scripts\crm\Tests\Crm.robot">
<test id="s1-t1" name="Should be able to add new customer" line="14">
<kw name="Set Selenium Speed" owner="SeleniumLibrary">
<arg>.2s</arg>
<doc>Sets the delay that is waited after each Selenium command.</doc>
<status status="PASS" start="2026-03-16T20:30:39.029151" elapsed="0.000250"/>
</kw>
<kw name="Set Selenium Timeout" owner="SeleniumLibrary">
<arg>10s</arg>
<doc>Sets the timeout that is used by various keywords.</doc>
<status status="PASS" start="2026-03-16T20:30:39.029680" elapsed="0.000200"/>
</kw>
<kw name="Log" owner="BuiltIn">
<msg time="2026-03-16T20:30:39.030403" level="INFO">Starting the test case</msg>
<arg>Starting the test case</arg>
<doc>Logs the given message with the given level.</doc>
<status status="PASS" start="2026-03-16T20:30:39.030213" elapsed="0.000226"/>
</kw>
<kw name="Open Browser" owner="SeleniumLibrary">
<msg time="2026-03-16T20:30:39.030992" level="INFO">Opening browser 'chrome' to base url 'https://automationplayground.com/crm/'.</msg>
<arg>https://automationplayground.com/crm/</arg>
<arg>${BROWSER}</arg>
<doc>Opens a new browser instance to the optional ``url``.</doc>
<status status="PASS" start="2026-03-16T20:30:39.030839" elapsed="3.976749"/>
</kw>
<kw name="Set Window Position" owner="SeleniumLibrary">
<arg>x=0</arg>
<arg>y=0</arg>
<doc>Sets window position using ``x`` and ``y`` coordinates.</doc>
<status status="PASS" start="2026-03-16T20:30:43.008758" elapsed="0.233517"/>
</kw>
<kw name="Set Window Size" owner="SeleniumLibrary">
<arg>width=1920</arg>
<arg>height=1090</arg>
<doc>Sets current windows size to given ``width`` and ``height``.</doc>
<status status="PASS" start="2026-03-16T20:30:43.243120" elapsed="0.566657"/>
</kw>
<kw name="Wait Until Page Contains" owner="SeleniumLibrary">
<arg>Customers Are Priority One!</arg>
<doc>Waits until ``text`` appears on the current page.</doc>
<status status="PASS" start="2026-03-16T20:30:43.810356" elapsed="0.212950"/>
</kw>
<kw name="Click Link" owner="SeleniumLibrary">
<msg time="2026-03-16T20:30:44.024427" level="INFO">Clicking link 'id=SignIn'.</msg>
<arg>id=SignIn</arg>
<doc>Clicks a link identified by ``locator``.</doc>
<status status="PASS" start="2026-03-16T20:30:44.023948" elapsed="0.887942"/>
</kw>
<kw name="Page Should Contain" owner="SeleniumLibrary">
<msg time="2026-03-16T20:30:45.326067" level="INFO">Current page contains text 'Login'.</msg>
<arg>Login</arg>
<doc>Verifies that current page contains ``text``.</doc>
<status status="PASS" start="2026-03-16T20:30:44.912388" elapsed="0.413931"/>
</kw>
<kw name="Input Text" owner="SeleniumLibrary">
<msg time="2026-03-16T20:30:45.328221" level="INFO">Typing text 'admin@robotframeworktutorial.com' into text field 'id=email-id'.</msg>
<arg>id=email-id</arg>
<arg>admin@robotframeworktutorial.com</arg>
<doc>Types the given ``text`` into the text field identified by ``locator``.</doc>
<status status="PASS" start="2026-03-16T20:30:45.327878" elapsed="0.764863"/>
</kw>
<kw name="Input Text" owner="SeleniumLibrary">
<msg time="2026-03-16T20:30:46.093444" level="INFO">Typing text 'qwerty' into text field 'id=password'.</msg>
<arg>id=password</arg>
<arg>qwerty</arg>
<doc>Types the given ``text`` into the text field identified by ``locator``.</doc>
<status status="PASS" start="2026-03-16T20:30:46.093252" elapsed="0.675034"/>
</kw>
<kw name="Click Button" owner="SeleniumLibrary">
<msg time="2026-03-16T20:30:46.769473" level="INFO">Clicking button 'id=submit-id'.</msg>
<arg>id=submit-id</arg>
<doc>Clicks the button identified by ``locator``.</doc>
<status status="PASS" start="2026-03-16T20:30:46.769271" elapsed="1.228452"/>
</kw>
<kw name="Wait Until Page Contains" owner="SeleniumLibrary">
<arg>Our Happy Customers</arg>
<doc>Waits until ``text`` appears on the current page.</doc>
<status status="PASS" start="2026-03-16T20:30:47.998270" elapsed="0.214864"/>
</kw>
<kw name="Click Link" owner="SeleniumLibrary">
<msg time="2026-03-16T20:30:48.214290" level="INFO">Clicking link 'id=new-customer'.</msg>
<arg>id=new-customer</arg>
<doc>Clicks a link identified by ``locator``.</doc>
<status status="PASS" start="2026-03-16T20:30:48.213895" elapsed="0.899647"/>
</kw>
<kw name="Wait Until Page Contains" owner="SeleniumLibrary">
<arg>Add Customer</arg>
<doc>Waits until ``text`` appears on the current page.</doc>
<status status="PASS" start="2026-03-16T20:30:49.114763" elapsed="0.237058"/>
</kw>
<kw name="Input Text" owner="SeleniumLibrary">
<msg time="2026-03-16T20:30:49.353255" level="INFO">Typing text 'janedoe@gmail.com' into text field 'id=EmailAddress'.</msg>
<arg>id=EmailAddress</arg>
<arg>janedoe@gmail.com</arg>
<doc>Types the given ``text`` into the text field identified by ``locator``.</doc>
<status status="PASS" start="2026-03-16T20:30:49.352719" elapsed="0.743820"/>
</kw>
<kw name="Input Text" owner="SeleniumLibrary">
<msg time="2026-03-16T20:30:50.098291" level="INFO">Typing text 'Jane' into text field 'id=FirstName'.</msg>
<arg>id=FirstName</arg>
<arg>Jane</arg>
<doc>Types the given ``text`` into the text field identified by ``locator``.</doc>
<status status="PASS" start="2026-03-16T20:30:50.097722" elapsed="0.688011"/>
</kw>
<kw name="Input Text" owner="SeleniumLibrary">
<msg time="2026-03-16T20:30:50.787783" level="INFO">Typing text 'Doe' into text field 'id=LastName'.</msg>
<arg>id=LastName</arg>
<arg>Doe</arg>
<doc>Types the given ``text`` into the text field identified by ``locator``.</doc>
<status status="PASS" start="2026-03-16T20:30:50.787353" elapsed="0.719161"/>
</kw>
<kw name="Input Text" owner="SeleniumLibrary">
<msg time="2026-03-16T20:30:51.507815" level="INFO">Typing text 'Dallas' into text field 'id=City'.</msg>
<arg>id=City</arg>
<arg>Dallas</arg>
<doc>Types the given ``text`` into the text field identified by ``locator``.</doc>
<status status="PASS" start="2026-03-16T20:30:51.507204" elapsed="0.694068"/>
</kw>
<kw name="Select From List By Value" owner="SeleniumLibrary">
<msg time="2026-03-16T20:30:52.202316" level="INFO">Selecting options from selection list 'id=StateOrRegion' by value TX.</msg>
<arg>id=StateOrRegion</arg>
<arg>TX</arg>
<doc>Selects options from selection list ``locator`` by ``values``.</doc>
<status status="PASS" start="2026-03-16T20:30:52.202117" elapsed="1.701376"/>
</kw>
<kw name="Select Radio Button" owner="SeleniumLibrary">
<msg time="2026-03-16T20:30:53.904332" level="INFO">Selecting 'female' from radio button 'gender'.</msg>
<arg>gender</arg>
<arg>female</arg>
<doc>Sets the radio button group ``group_name`` to ``value``.</doc>
<status status="PASS" start="2026-03-16T20:30:53.904121" elapsed="0.680209"/>
</kw>
<kw name="Select Checkbox" owner="SeleniumLibrary">
<msg time="2026-03-16T20:30:54.584887" level="INFO">Selecting checkbox 'name=promos-name'.</msg>
<arg>name=promos-name</arg>
<doc>Selects the checkbox identified by ``locator``.</doc>
<status status="PASS" start="2026-03-16T20:30:54.584711" elapsed="1.110342"/>
</kw>
<kw name="Click Button" owner="SeleniumLibrary">
<msg time="2026-03-16T20:30:55.695724" level="INFO">Clicking button 'Submit'.</msg>
<arg>Submit</arg>
<doc>Clicks the button identified by ``locator``.</doc>
<status status="PASS" start="2026-03-16T20:30:55.695509" elapsed="0.874345"/>
</kw>
<kw name="Wait Until Page Contains" owner="SeleniumLibrary">
<arg>Success! New customer added.</arg>
<doc>Waits until ``text`` appears on the current page.</doc>
<status status="PASS" start="2026-03-16T20:30:56.570582" elapsed="0.213636"/>
</kw>
<kw name="Sleep" owner="BuiltIn">
<msg time="2026-03-16T20:30:59.785550" level="INFO">Slept 3 seconds.</msg>
<arg>3s</arg>
<doc>Pauses the test executed for the given time.</doc>
<status status="PASS" start="2026-03-16T20:30:56.784615" elapsed="3.001044"/>
</kw>
<kw name="Close Browser" owner="SeleniumLibrary">
<doc>Closes the current browser.</doc>
<status status="PASS" start="2026-03-16T20:30:59.786403" elapsed="4.361552"/>
</kw>
<doc>This is some basic info about the test</doc>
<tag>1006</tag>
<tag>Contacts</tag>
<tag>Smoke</tag>
<status status="PASS" start="2026-03-16T20:30:39.028277" elapsed="25.120058"/>
</test>
<doc>This is some basic info about the whole suite</doc>
<status status="PASS" start="2026-03-16T20:30:38.881246" elapsed="25.268115"/>
</suite>
<statistics>
<total>
<stat pass="1" fail="0" skip="0">All Tests</stat>
</total>
<tag>
<stat pass="1" fail="0" skip="0">1006</stat>
<stat pass="1" fail="0" skip="0">Contacts</stat>
<stat pass="1" fail="0" skip="0">Smoke</stat>
</tag>
<suite>
<stat name="Crm" id="s1" pass="1" fail="0" skip="0">Crm</stat>
</suite>
</statistics>
<errors>
</errors>
</robot>
