<?xml version="1.0" encoding="UTF-8"?>
<robot generator="Robot 7.4.2 (Python 3.14.3 on win32)" generated="2026-03-17T19:31:21.725526" rpa="false" schemaversion="5">
<suite id="s1" name="Crm" source="C:\development\robot-scripts\crm\Tests\Crm.robot">
<test id="s1-t1" name="Should be able to add new customer" line="15">
<kw name="Set Selenium Speed" owner="SeleniumLibrary">
<arg>.2s</arg>
<doc>Sets the delay that is waited after each Selenium command.</doc>
<status status="PASS" start="2026-03-17T19:31:21.889264" elapsed="0.000719"/>
</kw>
<kw name="Set Selenium Timeout" owner="SeleniumLibrary">
<arg>10s</arg>
<doc>Sets the timeout that is used by various keywords.</doc>
<status status="PASS" start="2026-03-17T19:31:21.890443" elapsed="0.000189"/>
</kw>
<kw name="Log" owner="BuiltIn">
<msg time="2026-03-17T19:31:21.891038" level="INFO">Starting the test case</msg>
<arg>Starting the test case</arg>
<doc>Logs the given message with the given level.</doc>
<status status="PASS" start="2026-03-17T19:31:21.890840" elapsed="0.000236"/>
</kw>
<kw name="Open Browser" owner="SeleniumLibrary">
<msg time="2026-03-17T19:31:21.891494" level="INFO">Opening browser 'firefox' to base url 'https://automationplayground.com/crm/'.</msg>
<arg>https://automationplayground.com/crm/</arg>
<arg>${BROWSER}</arg>
<doc>Opens a new browser instance to the optional ``url``.</doc>
<status status="PASS" start="2026-03-17T19:31:21.891345" elapsed="7.411844"/>
</kw>
<kw name="Set Window Position" owner="SeleniumLibrary">
<arg>x=0</arg>
<arg>y=0</arg>
<doc>Sets window position using ``x`` and ``y`` coordinates.</doc>
<status status="PASS" start="2026-03-17T19:31:29.303769" elapsed="0.222246"/>
</kw>
<kw name="Set Window Size" owner="SeleniumLibrary">
<arg>width=1920</arg>
<arg>height=1090</arg>
<doc>Sets current windows size to given ``width`` and ``height``.</doc>
<status status="PASS" start="2026-03-17T19:31:29.526515" elapsed="0.257195"/>
</kw>
<kw name="Wait Until Page Contains" owner="SeleniumLibrary">
<arg>Customers Are Priority One!</arg>
<doc>Waits until ``text`` appears on the current page.</doc>
<status status="PASS" start="2026-03-17T19:31:29.784312" elapsed="0.214307"/>
</kw>
<kw name="Click Link" owner="SeleniumLibrary">
<msg time="2026-03-17T19:31:29.999581" level="INFO">Clicking link 'id=SignIn'.</msg>
<arg>id=SignIn</arg>
<doc>Clicks a link identified by ``locator``.</doc>
<status status="PASS" start="2026-03-17T19:31:29.999144" elapsed="0.814464"/>
</kw>
<kw name="Page Should Contain" owner="SeleniumLibrary">
<msg time="2026-03-17T19:31:31.222312" level="INFO">Current page contains text 'Login'.</msg>
<arg>Login</arg>
<doc>Verifies that current page contains ``text``.</doc>
<status status="PASS" start="2026-03-17T19:31:30.814016" elapsed="0.408594"/>
</kw>
<kw name="Input Text" owner="SeleniumLibrary">
<msg time="2026-03-17T19:31:31.224601" level="INFO">Typing text 'admin@robotframeworktutorial.com' into text field 'id=email-id'.</msg>
<arg>id=email-id</arg>
<arg>admin@robotframeworktutorial.com</arg>
<doc>Types the given ``text`` into the text field identified by ``locator``.</doc>
<status status="PASS" start="2026-03-17T19:31:31.224395" elapsed="0.669252"/>
</kw>
<kw name="Input Text" owner="SeleniumLibrary">
<msg time="2026-03-17T19:31:31.894457" level="INFO">Typing text 'qwerty' into text field 'id=password'.</msg>
<arg>id=password</arg>
<arg>qwerty</arg>
<doc>Types the given ``text`` into the text field identified by ``locator``.</doc>
<status status="PASS" start="2026-03-17T19:31:31.894208" elapsed="0.630255"/>
</kw>
<kw name="Click Button" owner="SeleniumLibrary">
<msg time="2026-03-17T19:31:32.525595" level="INFO">Clicking button 'id=submit-id'.</msg>
<arg>id=submit-id</arg>
<doc>Clicks the button identified by ``locator``.</doc>
<status status="PASS" start="2026-03-17T19:31:32.525246" elapsed="1.293263"/>
</kw>
<kw name="Wait Until Page Contains" owner="SeleniumLibrary">
<arg>Our Happy Customers</arg>
<doc>Waits until ``text`` appears on the current page.</doc>
<status status="PASS" start="2026-03-17T19:31:33.819455" elapsed="0.207053"/>
</kw>
<kw name="Click Link" owner="SeleniumLibrary">
<msg time="2026-03-17T19:31:34.027342" level="INFO">Clicking link 'id=new-customer'.</msg>
<arg>id=new-customer</arg>
<doc>Clicks a link identified by ``locator``.</doc>
<status status="PASS" start="2026-03-17T19:31:34.027153" elapsed="0.894824"/>
</kw>
<kw name="Wait Until Page Contains" owner="SeleniumLibrary">
<arg>Add Customer</arg>
<doc>Waits until ``text`` appears on the current page.</doc>
<status status="PASS" start="2026-03-17T19:31:34.922653" elapsed="0.204816"/>
</kw>
<kw name="Input Text" owner="SeleniumLibrary">
<msg time="2026-03-17T19:31:35.128056" level="INFO">Typing text 'janedoe@gmail.com' into text field 'id=EmailAddress'.</msg>
<arg>id=EmailAddress</arg>
<arg>janedoe@gmail.com</arg>
<doc>Types the given ``text`` into the text field identified by ``locator``.</doc>
<status status="PASS" start="2026-03-17T19:31:35.127833" elapsed="0.655523"/>
</kw>
<kw name="Input Text" owner="SeleniumLibrary">
<msg time="2026-03-17T19:31:35.784102" level="INFO">Typing text 'Jane' into text field 'id=FirstName'.</msg>
<arg>id=FirstName</arg>
<arg>Jane</arg>
<doc>Types the given ``text`` into the text field identified by ``locator``.</doc>
<status status="PASS" start="2026-03-17T19:31:35.783910" elapsed="0.654296"/>
</kw>
<kw name="Input Text" owner="SeleniumLibrary">
<msg time="2026-03-17T19:31:36.439719" level="INFO">Typing text 'Doe' into text field 'id=LastName'.</msg>
<arg>id=LastName</arg>
<arg>Doe</arg>
<doc>Types the given ``text`` into the text field identified by ``locator``.</doc>
<status status="PASS" start="2026-03-17T19:31:36.439529" elapsed="0.654380"/>
</kw>
<kw name="Input Text" owner="SeleniumLibrary">
<msg time="2026-03-17T19:31:37.094802" level="INFO">Typing text 'Dallas' into text field 'id=City'.</msg>
<arg>id=City</arg>
<arg>Dallas</arg>
<doc>Types the given ``text`` into the text field identified by ``locator``.</doc>
<status status="PASS" start="2026-03-17T19:31:37.094582" elapsed="0.643275"/>
</kw>
<kw name="Select From List By Value" owner="SeleniumLibrary">
<msg time="2026-03-17T19:31:37.738698" level="INFO">Selecting options from selection list 'id=StateOrRegion' by value TX.</msg>
<arg>id=StateOrRegion</arg>
<arg>TX</arg>
<doc>Selects options from selection list ``locator`` by ``values``.</doc>
<status status="PASS" start="2026-03-17T19:31:37.738318" elapsed="1.699778"/>
</kw>
<kw name="Select Radio Button" owner="SeleniumLibrary">
<msg time="2026-03-17T19:31:39.439139" level="INFO">Selecting 'female' from radio button 'gender'.</msg>
<arg>gender</arg>
<arg>female</arg>
<doc>Sets the radio button group ``group_name`` to ``value``.</doc>
<status status="PASS" start="2026-03-17T19:31:39.438900" elapsed="0.672231"/>
</kw>
<kw name="Select Checkbox" owner="SeleniumLibrary">
<msg time="2026-03-17T19:31:40.112468" level="INFO">Selecting checkbox 'name=promos-name'.</msg>
<arg>name=promos-name</arg>
<doc>Selects the checkbox identified by ``locator``.</doc>
<status status="PASS" start="2026-03-17T19:31:40.112094" elapsed="1.085565"/>
</kw>
<kw name="Click Button" owner="SeleniumLibrary">
<msg time="2026-03-17T19:31:41.198471" level="INFO">Clicking button 'Submit'.</msg>
<arg>Submit</arg>
<doc>Clicks the button identified by ``locator``.</doc>
<status status="PASS" start="2026-03-17T19:31:41.198301" elapsed="0.990551"/>
</kw>
<kw name="Wait Until Page Contains" owner="SeleniumLibrary">
<arg>Success! New customer added.</arg>
<doc>Waits until ``text`` appears on the current page.</doc>
<status status="PASS" start="2026-03-17T19:31:42.189572" elapsed="0.205089"/>
</kw>
<kw name="Sleep" owner="BuiltIn">
<msg time="2026-03-17T19:31:45.397179" level="INFO">Slept 3 seconds.</msg>
<arg>3s</arg>
<doc>Pauses the test executed for the given time.</doc>
<status status="PASS" start="2026-03-17T19:31:42.395706" elapsed="3.001573"/>
</kw>
<kw name="Close Browser" owner="SeleniumLibrary">
<doc>Closes the current browser.</doc>
<status status="PASS" start="2026-03-17T19:31:45.398323" elapsed="4.499305"/>
</kw>
<doc>This is some basic info about the test</doc>
<tag>1006</tag>
<tag>Contacts</tag>
<tag>Smoke</tag>
<status status="PASS" start="2026-03-17T19:31:21.888145" elapsed="28.009980"/>
</test>
<doc>This is some basic info about the whole suite</doc>
<status status="PASS" start="2026-03-17T19:31:21.727114" elapsed="28.172324"/>
</suite>
<statistics>
<total>
<stat pass="1" fail="0" skip="0">All Tests</stat>
</total>
<tag>
<stat pass="1" fail="0" skip="0">1006</stat>
<stat pass="1" fail="0" skip="0">Contacts</stat>
<stat pass="1" fail="0" skip="0">Smoke</stat>
</tag>
<suite>
<stat name="Crm" id="s1" pass="1" fail="0" skip="0">Crm</stat>
</suite>
</statistics>
<errors>
</errors>
</robot>
